<?xml version="1.0" encoding="UTF-8"?>
<!-- Generated by org.testng.reporters.JUnitXMLReporter -->
<testsuite ignored="0" hostname="MY-SPECTRE" failures="0" tests="2" name="Free CRM Test using Chrome" time="7.712" errors="0" timestamp="2022-02-02T14:06:19 NST">
  <testcase classname="com.qa.my.tests.LoginPageTest" name="verifyLoginPageTitleTest" time="0.032"/>
  <testcase classname="com.qa.my.tests.LoginPageTest" name="performLoginActionTest" time="2.724"/>
</testsuite> <!-- Free CRM Test using Chrome -->
